addwidgpleaseattempts/AndroidIDEProjects/widgetaddedxnotes/app/build/intermediates/manifest_merge_blame_file/debug/processDebugMainManifest/manifest-merger-blame-debug-report.txt
1<?xml version="1.0" encoding="utf-8"?>
2<manifest xmlns:android="http://schemas.android.com/apk/res/android"
3    package="com.xthan.xnotes"
4    android:versionCode="2"
5    android:versionName="hermitnotes" >
6
7    <uses-sdk
8        android:minSdkVersion="21"
9        android:targetSdkVersion="35" />
10
11    <permission
11-->[androidx.core:core:1.17.0] AndroidManifest.xml:22:5-24:47
12        android:name="com.xthan.xnotes.DYNAMIC_RECEIVER_NOT_EXPORTED_PERMISSION"
12-->[androidx.core:core:1.17.0] AndroidManifest.xml:23:9-81
13        android:protectionLevel="signature" />
13-->[androidx.core:core:1.17.0] AndroidManifest.xml:24:9-44
14
15    <uses-permission android:name="com.xthan.xnotes.DYNAMIC_RECEIVER_NOT_EXPORTED_PERMISSION" />
15-->[androidx.core:core:1.17.0] AndroidManifest.xml:26:5-97
15-->[androidx.core:core:1.17.0] AndroidManifest.xml:26:22-94
16
17    <application
17-->src/main/AndroidManifest.xml:2:5-45:19
18        android:allowBackup="true"
18-->src/main/AndroidManifest.xml:3:9-35
19        android:appComponentFactory="androidx.core.app.CoreComponentFactory"
19-->[androidx.core:core:1.17.0] AndroidManifest.xml:28:18-86
20        android:debuggable="true"
21        android:extractNativeLibs="true"
22        android:icon="@drawable/ic_launcher"
22-->src/main/AndroidManifest.xml:4:9-45
23        android:label="xNotes"
23-->src/main/AndroidManifest.xml:6:9-31
24        android:roundIcon="@drawable/ic_launcher"
24-->src/main/AndroidManifest.xml:5:9-50
25        android:theme="@style/Theme.AppCompat.Light.NoActionBar" >
25-->src/main/AndroidManifest.xml:7:9-65
26        <activity
26-->src/main/AndroidManifest.xml:9:9-15:20
27            android:name="com.xthan.xnotes.MainActivity"
27-->src/main/AndroidManifest.xml:9:19-47
28            android:exported="true" >
28-->src/main/AndroidManifest.xml:10:13-36
29            <intent-filter>
29-->src/main/AndroidManifest.xml:11:13-14:29
30                <action android:name="android.intent.action.MAIN" />
30-->src/main/AndroidManifest.xml:12:17-69
30-->src/main/AndroidManifest.xml:12:25-66
31
32                <category android:name="android.intent.category.LAUNCHER" />
32-->src/main/AndroidManifest.xml:13:17-77
32-->src/main/AndroidManifest.xml:13:27-74
33            </intent-filter>
34        </activity>
35        <activity
35-->src/main/AndroidManifest.xml:17:9-21:40
36            android:name="com.xthan.xnotes.NoteEditorActivity"
36-->src/main/AndroidManifest.xml:18:13-47
37            android:configChanges="orientation|screenSize|keyboardHidden"
37-->src/main/AndroidManifest.xml:20:13-74
38            android:exported="false"
38-->src/main/AndroidManifest.xml:21:13-37
39            android:launchMode="standard" />
39-->src/main/AndroidManifest.xml:19:13-42
40
41        <provider
41-->src/main/AndroidManifest.xml:23:9-31:20
42            android:name="androidx.core.content.FileProvider"
42-->src/main/AndroidManifest.xml:24:13-62
43            android:authorities="com.xthan.xnotes.fileprovider"
43-->src/main/AndroidManifest.xml:25:13-64
44            android:exported="false"
44-->src/main/AndroidManifest.xml:26:13-37
45            android:grantUriPermissions="true" >
45-->src/main/AndroidManifest.xml:27:13-47
46            <meta-data
46-->src/main/AndroidManifest.xml:28:13-30:54
47                android:name="android.support.FILE_PROVIDER_PATHS"
47-->src/main/AndroidManifest.xml:29:17-67
48                android:resource="@xml/file_paths" />
48-->src/main/AndroidManifest.xml:30:17-51
49        </provider>
50
51        <receiver
51-->src/main/AndroidManifest.xml:33:9-43:20
52            android:name="com.xthan.xnotes.DashboardWidgetProvider"
52-->src/main/AndroidManifest.xml:34:13-52
53            android:exported="true" >
53-->src/main/AndroidManifest.xml:35:13-36
54            <intent-filter>
54-->src/main/AndroidManifest.xml:36:13-39:29
55                <action android:name="android.appwidget.action.APPWIDGET_UPDATE" />
55-->src/main/AndroidManifest.xml:37:17-84
55-->src/main/AndroidManifest.xml:37:25-81
56                <action android:name="com.xthan.xnotes.ACTION_WIDGET_CREATE" />
56-->src/main/AndroidManifest.xml:38:17-80
56-->src/main/AndroidManifest.xml:38:25-77
57            </intent-filter>
58
59            <meta-data
59-->src/main/AndroidManifest.xml:40:13-42:65
60                android:name="android.appwidget.provider"
60-->src/main/AndroidManifest.xml:41:17-58
61                android:resource="@xml/widget_dashboard_info" />
61-->src/main/AndroidManifest.xml:42:17-62
62        </receiver>
63
64        <provider
64-->[androidx.emoji2:emoji2:1.3.0] AndroidManifest.xml:24:9-32:20
65            android:name="androidx.startup.InitializationProvider"
65-->[androidx.emoji2:emoji2:1.3.0] AndroidManifest.xml:25:13-67
66            android:authorities="com.xthan.xnotes.androidx-startup"
66-->[androidx.emoji2:emoji2:1.3.0] AndroidManifest.xml:26:13-68
67            android:exported="false" >
67-->[androidx.emoji2:emoji2:1.3.0] AndroidManifest.xml:27:13-37
68            <meta-data
68-->[androidx.emoji2:emoji2:1.3.0] AndroidManifest.xml:29:13-31:52
69                android:name="androidx.emoji2.text.EmojiCompatInitializer"
69-->[androidx.emoji2:emoji2:1.3.0] AndroidManifest.xml:30:17-75
70                android:value="androidx.startup" />
70-->[androidx.emoji2:emoji2:1.3.0] AndroidManifest.xml:31:17-49
71            <meta-data
71-->[androidx.lifecycle:lifecycle-process:2.6.2] AndroidManifest.xml:29:13-31:52
72                android:name="androidx.lifecycle.ProcessLifecycleInitializer"
72-->[androidx.lifecycle:lifecycle-process:2.6.2] AndroidManifest.xml:30:17-78
73                android:value="androidx.startup" />
73-->[androidx.lifecycle:lifecycle-process:2.6.2] AndroidManifest.xml:31:17-49
74            <meta-data
74-->[androidx.profileinstaller:profileinstaller:1.4.0] AndroidManifest.xml:29:13-31:52
75                android:name="androidx.profileinstaller.ProfileInstallerInitializer"
75-->[androidx.profileinstaller:profileinstaller:1.4.0] AndroidManifest.xml:30:17-85
76                android:value="androidx.startup" />
76-->[androidx.profileinstaller:profileinstaller:1.4.0] AndroidManifest.xml:31:17-49
77        </provider>
78
79        <receiver
79-->[androidx.profileinstaller:profileinstaller:1.4.0] AndroidManifest.xml:34:9-52:20
80            android:name="androidx.profileinstaller.ProfileInstallReceiver"
80-->[androidx.profileinstaller:profileinstaller:1.4.0] AndroidManifest.xml:35:13-76
81            android:directBootAware="false"
81-->[androidx.profileinstaller:profileinstaller:1.4.0] AndroidManifest.xml:36:13-44
82            android:enabled="true"
82-->[androidx.profileinstaller:profileinstaller:1.4.0] AndroidManifest.xml:37:13-35
83            android:exported="true"
83-->[androidx.profileinstaller:profileinstaller:1.4.0] AndroidManifest.xml:38:13-36
84            android:permission="android.permission.DUMP" >
84-->[androidx.profileinstaller:profileinstaller:1.4.0] AndroidManifest.xml:39:13-57
85            <intent-filter>
85-->[androidx.profileinstaller:profileinstaller:1.4.0] AndroidManifest.xml:40:13-42:29
86                <action android:name="androidx.profileinstaller.action.INSTALL_PROFILE" />
86-->[androidx.profileinstaller:profileinstaller:1.4.0] AndroidManifest.xml:41:17-91
86-->[androidx.profileinstaller:profileinstaller:1.4.0] AndroidManifest.xml:41:25-88
87            </intent-filter>
88            <intent-filter>
88-->[androidx.profileinstaller:profileinstaller:1.4.0] AndroidManifest.xml:43:13-45:29
89                <action android:name="androidx.profileinstaller.action.SKIP_FILE" />
89-->[androidx.profileinstaller:profileinstaller:1.4.0] AndroidManifest.xml:44:17-85
89-->[androidx.profileinstaller:profileinstaller:1.4.0] AndroidManifest.xml:44:25-82
90            </intent-filter>
91            <intent-filter>
91-->[androidx.profileinstaller:profileinstaller:1.4.0] AndroidManifest.xml:46:13-48:29
92                <action android:name="androidx.profileinstaller.action.SAVE_PROFILE" />
92-->[androidx.profileinstaller:profileinstaller:1.4.0] AndroidManifest.xml:47:17-88
92-->[androidx.profileinstaller:profileinstaller:1.4.0] AndroidManifest.xml:47:25-85
93            </intent-filter>
94            <intent-filter>
94-->[androidx.profileinstaller:profileinstaller:1.4.0] AndroidManifest.xml:49:13-51:29
95                <action android:name="androidx.profileinstaller.action.BENCHMARK_OPERATION" />
95-->[androidx.profileinstaller:profileinstaller:1.4.0] AndroidManifest.xml:50:17-95
95-->[androidx.profileinstaller:profileinstaller:1.4.0] AndroidManifest.xml:50:25-92
96            </intent-filter>
97        </receiver>
98    </application>
99
100</manifest>